<?xml version="1.0" encoding="UTF-8"?>
<testng-results skipped="0" failed="0" ignored="0" total="1" passed="1">
  <reporter-output>
  </reporter-output>
  <suite name="Default suite" duration-ms="56267" started-at="2018-06-25T09:42:16Z" finished-at="2018-06-25T09:43:13Z">
    <groups>
    </groups>
    <test name="Default test" duration-ms="56267" started-at="2018-06-25T09:42:16Z" finished-at="2018-06-25T09:43:13Z">
      <class name="NewTest">
        <test-method status="PASS" signature="beforeMethod()[pri:0, instance:NewTest@4cc0edeb]" name="beforeMethod" is-config="true" duration-ms="23401" started-at="2018-06-25T09:42:16Z" finished-at="2018-06-25T09:42:40Z">
          <reporter-output>
          </reporter-output>
        </test-method> <!-- beforeMethod -->
        <test-method status="PASS" signature="f()[pri:0, instance:NewTest@4cc0edeb]" name="f" duration-ms="32828" started-at="2018-06-25T09:42:40Z" finished-at="2018-06-25T09:43:13Z">
          <reporter-output>
          </reporter-output>
        </test-method> <!-- f -->
        <test-method status="PASS" signature="afterMethod()[pri:0, instance:NewTest@4cc0edeb]" name="afterMethod" is-config="true" duration-ms="0" started-at="2018-06-25T09:43:13Z" finished-at="2018-06-25T09:43:13Z">
          <reporter-output>
          </reporter-output>
        </test-method> <!-- afterMethod -->
      </class> <!-- NewTest -->
    </test> <!-- Default test -->
  </suite> <!-- Default suite -->
</testng-results>
